<?xml version="1.0" encoding="UTF-8"?>
<testng-results skipped="0" failed="0" ignored="0" total="3" passed="3">
  <reporter-output>
  </reporter-output>
  <suite name="Default suite" duration-ms="35274" started-at="2021-11-15T06:30:16Z" finished-at="2021-11-15T06:30:51Z">
    <groups>
    </groups>
    <test name="Default test" duration-ms="35274" started-at="2021-11-15T06:30:16Z" finished-at="2021-11-15T06:30:51Z">
      <class name="com.qa.dw.box.DarwinBoxtest">
        <test-method status="PASS" signature="Test1()[pri:1, instance:com.qa.dw.box.DarwinBoxtest@cc285f4]" name="Test1" duration-ms="27645" started-at="2021-11-15T12:00:16Z" finished-at="2021-11-15T12:00:43Z">
          <reporter-output>
          </reporter-output>
        </test-method> <!-- Test1 -->
        <test-method status="PASS" signature="Test2()[pri:2, instance:com.qa.dw.box.DarwinBoxtest@cc285f4]" name="Test2" duration-ms="4267" started-at="2021-11-15T12:00:43Z" finished-at="2021-11-15T12:00:48Z">
          <reporter-output>
          </reporter-output>
        </test-method> <!-- Test2 -->
        <test-method status="PASS" signature="closeBoswe()[pri:3, instance:com.qa.dw.box.DarwinBoxtest@cc285f4]" name="closeBoswe" duration-ms="3310" started-at="2021-11-15T12:00:48Z" finished-at="2021-11-15T12:00:51Z">
          <reporter-output>
          </reporter-output>
        </test-method> <!-- closeBoswe -->
      </class> <!-- com.qa.dw.box.DarwinBoxtest -->
    </test> <!-- Default test -->
  </suite> <!-- Default suite -->
</testng-results>
