<?xml version="1.0" encoding="UTF-8"?>
<!-- Generated by org.testng.reporters.JUnitXMLReporter -->
<testsuite hostname="OJAS-DD282" ignored="0" name="Default test" tests="3" failures="0" timestamp="15 Nov 2021 06:30:51 GMT" time="35.274" errors="0">
  <testcase name="Test1" time="27.645" classname="com.qa.dw.box.DarwinBoxtest"/>
  <testcase name="Test2" time="4.267" classname="com.qa.dw.box.DarwinBoxtest"/>
  <testcase name="closeBoswe" time="3.31" classname="com.qa.dw.box.DarwinBoxtest"/>
</testsuite> <!-- Default test -->
